<?xml version="1.0" encoding="UTF-8"?>
<testsuite xmlns:xsi="http://www.w3.org/2001/XMLSchema-instance" xsi:noNamespaceSchemaLocation="https://maven.apache.org/surefire/maven-surefire-plugin/xsd/surefire-test-report.xsd" name="CalcTest" time="0.165" tests="11" errors="0" skipped="0" failures="0">
  <properties>
    <property name="sun.desktop" value="gnome"/>
    <property name="awt.toolkit" value="sun.awt.X11.XToolkit"/>
    <property name="file.encoding.pkg" value="sun.io"/>
    <property name="java.specification.version" value="1.8"/>
    <property name="sun.cpu.isalist" value=""/>
    <property name="sun.jnu.encoding" value="UTF-8"/>
    <property name="java.class.path" value="/home/it/devops/tests/taboola/calc/target/test-classes:/home/it/devops/tests/taboola/calc/target/classes:/home/it/.m2/repository/org/antlr/antlr4/4.3/antlr4-4.3.jar:/home/it/.m2/repository/org/antlr/antlr4-runtime/4.3/antlr4-runtime-4.3.jar:/home/it/.m2/repository/org/abego/treelayout/org.abego.treelayout.core/1.0.1/org.abego.treelayout.core-1.0.1.jar:/home/it/.m2/repository/org/antlr/antlr4-annotations/4.3/antlr4-annotations-4.3.jar:/home/it/.m2/repository/org/antlr/antlr-runtime/3.5.2/antlr-runtime-3.5.2.jar:/home/it/.m2/repository/org/antlr/ST4/4.0.8/ST4-4.0.8.jar:/home/it/.m2/repository/javax/cache/cache-api/0.8/cache-api-0.8.jar:/home/it/.m2/repository/commons-io/commons-io/2.4/commons-io-2.4.jar:/home/it/.m2/repository/junit/junit/4.6/junit-4.6.jar:"/>
    <property name="java.vm.vendor" value="Oracle Corporation"/>
    <property name="sun.arch.data.model" value="64"/>
    <property name="java.vendor.url" value="http://java.oracle.com/"/>
    <property name="user.timezone" value=""/>
    <property name="java.vm.specification.version" value="1.8"/>
    <property name="os.name" value="Linux"/>
    <property name="user.country" value="IL"/>
    <property name="sun.java.launcher" value="SUN_STANDARD"/>
    <property name="sun.boot.library.path" value="/usr/lib/jvm/java-8-openjdk-amd64/jre/lib/amd64"/>
    <property name="sun.java.command" value="/home/it/devops/tests/taboola/calc/target/surefire/surefirebooter2875981010165788321.jar /home/it/devops/tests/taboola/calc/target/surefire 2018-11-17T23-20-05_929-jvmRun1 surefire9107327212473462388tmp surefire_03124280502089145854tmp"/>
    <property name="surefire.test.class.path" value="/home/it/devops/tests/taboola/calc/target/test-classes:/home/it/devops/tests/taboola/calc/target/classes:/home/it/.m2/repository/org/antlr/antlr4/4.3/antlr4-4.3.jar:/home/it/.m2/repository/org/antlr/antlr4-runtime/4.3/antlr4-runtime-4.3.jar:/home/it/.m2/repository/org/abego/treelayout/org.abego.treelayout.core/1.0.1/org.abego.treelayout.core-1.0.1.jar:/home/it/.m2/repository/org/antlr/antlr4-annotations/4.3/antlr4-annotations-4.3.jar:/home/it/.m2/repository/org/antlr/antlr-runtime/3.5.2/antlr-runtime-3.5.2.jar:/home/it/.m2/repository/org/antlr/ST4/4.0.8/ST4-4.0.8.jar:/home/it/.m2/repository/javax/cache/cache-api/0.8/cache-api-0.8.jar:/home/it/.m2/repository/commons-io/commons-io/2.4/commons-io-2.4.jar:/home/it/.m2/repository/junit/junit/4.6/junit-4.6.jar:"/>
    <property name="sun.cpu.endian" value="little"/>
    <property name="user.home" value="/home/it"/>
    <property name="user.language" value="en"/>
    <property name="java.specification.vendor" value="Oracle Corporation"/>
    <property name="java.home" value="/usr/lib/jvm/java-8-openjdk-amd64/jre"/>
    <property name="basedir" value="/home/it/devops/tests/taboola/calc"/>
    <property name="file.separator" value="/"/>
    <property name="line.separator" value="&#10;"/>
    <property name="java.vm.specification.vendor" value="Oracle Corporation"/>
    <property name="java.specification.name" value="Java Platform API Specification"/>
    <property name="java.awt.graphicsenv" value="sun.awt.X11GraphicsEnvironment"/>
    <property name="surefire.real.class.path" value="/home/it/devops/tests/taboola/calc/target/surefire/surefirebooter2875981010165788321.jar"/>
    <property name="sun.boot.class.path" value="/usr/lib/jvm/java-8-openjdk-amd64/jre/lib/resources.jar:/usr/lib/jvm/java-8-openjdk-amd64/jre/lib/rt.jar:/usr/lib/jvm/java-8-openjdk-amd64/jre/lib/sunrsasign.jar:/usr/lib/jvm/java-8-openjdk-amd64/jre/lib/jsse.jar:/usr/lib/jvm/java-8-openjdk-amd64/jre/lib/jce.jar:/usr/lib/jvm/java-8-openjdk-amd64/jre/lib/charsets.jar:/usr/lib/jvm/java-8-openjdk-amd64/jre/lib/jfr.jar:/usr/lib/jvm/java-8-openjdk-amd64/jre/classes"/>
    <property name="sun.management.compiler" value="HotSpot 64-Bit Tiered Compilers"/>
    <property name="java.runtime.version" value="1.8.0_181-8u181-b13-1ubuntu0.18.04.1-b13"/>
    <property name="user.name" value="it"/>
    <property name="path.separator" value=":"/>
    <property name="os.version" value="4.15.0-39-generic"/>
    <property name="java.endorsed.dirs" value="/usr/lib/jvm/java-8-openjdk-amd64/jre/lib/endorsed"/>
    <property name="java.runtime.name" value="OpenJDK Runtime Environment"/>
    <property name="file.encoding" value="UTF-8"/>
    <property name="java.vm.name" value="OpenJDK 64-Bit Server VM"/>
    <property name="localRepository" value="/home/it/.m2/repository"/>
    <property name="java.vendor.url.bug" value="http://bugreport.sun.com/bugreport/"/>
    <property name="java.io.tmpdir" value="/tmp"/>
    <property name="java.version" value="1.8.0_181"/>
    <property name="user.dir" value="/home/it/devops/tests/taboola/calc"/>
    <property name="os.arch" value="amd64"/>
    <property name="java.vm.specification.name" value="Java Virtual Machine Specification"/>
    <property name="java.awt.printerjob" value="sun.print.PSPrinterJob"/>
    <property name="sun.os.patch.level" value="unknown"/>
    <property name="java.library.path" value="/usr/java/packages/lib/amd64:/usr/lib/x86_64-linux-gnu/jni:/lib/x86_64-linux-gnu:/usr/lib/x86_64-linux-gnu:/usr/lib/jni:/lib:/usr/lib"/>
    <property name="java.vm.info" value="mixed mode"/>
    <property name="java.vendor" value="Oracle Corporation"/>
    <property name="java.vm.version" value="25.181-b13"/>
    <property name="java.ext.dirs" value="/usr/lib/jvm/java-8-openjdk-amd64/jre/lib/ext:/usr/java/packages/lib/ext"/>
    <property name="sun.io.unicode.encoding" value="UnicodeLittle"/>
    <property name="maven.repo.local" value="/home/it/.m2/repository"/>
    <property name="java.class.version" value="52.0"/>
  </properties>
  <testcase name="testParseCalc3" classname="CalcTest" time="0.11"/>
  <testcase name="testParseCalc4" classname="CalcTest" time="0.001"/>
  <testcase name="testParseCalc5" classname="CalcTest" time="0.007"/>
  <testcase name="testParseCalcQuestionText" classname="CalcTest" time="0"/>
  <testcase name="testParseCalcStress" classname="CalcTest" time="0.001"/>
  <testcase name="testParseError1" classname="CalcTest" time="0.002"/>
  <testcase name="testParseError2" classname="CalcTest" time="0.001"/>
  <testcase name="testParseError3" classname="CalcTest" time="0.003"/>
  <testcase name="testParseError4" classname="CalcTest" time="0.001"/>
  <testcase name="testParseCalc1" classname="CalcTest" time="0.001"/>
  <testcase name="testParseCalc2" classname="CalcTest" time="0.001"/>
</testsuite>